<?xml version="1.0" encoding="UTF-8"?>
<robot generator="Robot 5.0.1 (Python 3.10.7 on darwin)" generated="20221028 01:49:01.402" rpa="false" schemaversion="3">
<suite id="s1" name="RegressionSuite" source="/Users/sehatq/QA_Telkom/TestSuite/RegressionSuite.robot">
<kw name="Open Browser" library="SeleniumLibrary" type="SETUP">
<arg>https://google.com</arg>
<arg>${BROWSER}</arg>
<doc>Opens a new browser instance to the optional ``url``.</doc>
<msg timestamp="20221028 01:49:01.487" level="INFO">Opening browser 'chrome' to base url 'https://google.com'.</msg>
<status status="PASS" starttime="20221028 01:49:01.487" endtime="20221028 01:49:10.472"/>
</kw>
<test id="s1-t1" name="Sign Up" line="8">
<kw name="Midtrans Sign Up" library="RegisterTest">
<arg>${BLANK}</arg>
<arg>testzano</arg>
<arg>testzano@mailinator.com</arg>
<arg>81122</arg>
<arg>Za@123456</arg>
<arg>Za@123456</arg>
<arg>Blank Business Name</arg>
<kw name="GIVEN user is on Register Page" library="RegisterPage">
<kw name="Maximize Browser Window" library="SeleniumLibrary">
<doc>Maximizes current browser window.</doc>
<status status="PASS" starttime="20221028 01:49:10.474" endtime="20221028 01:49:10.724"/>
</kw>
<kw name="Go To" library="SeleniumLibrary">
<arg>${REGISTERURL}</arg>
<doc>Navigates the current browser window to the provided ``url``.</doc>
<msg timestamp="20221028 01:49:10.724" level="INFO">Opening url 'https://dashboard.midtrans.com/register'</msg>
<status status="PASS" starttime="20221028 01:49:10.724" endtime="20221028 01:49:21.881"/>
</kw>
<kw name="Wait Until Element Is Visible" library="SeleniumLibrary">
<arg>${textRegistration}</arg>
<arg>timeout=30</arg>
<doc>Waits until the element ``locator`` is visible.</doc>
<status status="PASS" starttime="20221028 01:49:21.881" endtime="20221028 01:49:22.122"/>
</kw>
<status status="PASS" starttime="20221028 01:49:10.474" endtime="20221028 01:49:22.123"/>
</kw>
<kw name="WHEN user input bussines name" library="RegisterPage">
<arg>${businessName}</arg>
<kw name="Wait Until Element Is Visible" library="SeleniumLibrary">
<arg>${fieldBusinessName}</arg>
<doc>Waits until the element ``locator`` is visible.</doc>
<status status="PASS" starttime="20221028 01:49:22.123" endtime="20221028 01:49:22.146"/>
</kw>
<kw name="Input Text" library="SeleniumLibrary">
<arg>${fieldBusinessName}</arg>
<arg>${businessName}</arg>
<doc>Types the given ``text`` into the text field identified by ``locator``.</doc>
<msg timestamp="20221028 01:49:22.146" level="INFO">Typing text '' into text field 'id=user_merchant_name'.</msg>
<status status="PASS" starttime="20221028 01:49:22.146" endtime="20221028 01:49:22.249"/>
</kw>
<status status="PASS" starttime="20221028 01:49:22.123" endtime="20221028 01:49:22.249"/>
</kw>
<kw name="AND user input full name" library="RegisterPage">
<arg>${fullName}</arg>
<kw name="Wait Until Element Is Visible" library="SeleniumLibrary">
<arg>${fieldFullName}</arg>
<doc>Waits until the element ``locator`` is visible.</doc>
<status status="PASS" starttime="20221028 01:49:22.249" endtime="20221028 01:49:22.268"/>
</kw>
<kw name="Input Text" library="SeleniumLibrary">
<arg>${fieldFullName}</arg>
<arg>${fullName}</arg>
<doc>Types the given ``text`` into the text field identified by ``locator``.</doc>
<msg timestamp="20221028 01:49:22.269" level="INFO">Typing text 'testzano' into text field 'id=user_full_name'.</msg>
<status status="PASS" starttime="20221028 01:49:22.268" endtime="20221028 01:49:22.924"/>
</kw>
<status status="PASS" starttime="20221028 01:49:22.249" endtime="20221028 01:49:22.925"/>
</kw>
<kw name="AND user input business email" library="RegisterPage">
<arg>${email}</arg>
<kw name="Wait Until Element Is Visible" library="SeleniumLibrary">
<arg>${fieldBusinessEmail}</arg>
<doc>Waits until the element ``locator`` is visible.</doc>
<status status="PASS" starttime="20221028 01:49:22.925" endtime="20221028 01:49:22.992"/>
</kw>
<kw name="Get Current Date" library="DateTime">
<var>${currentDate}</var>
<doc>Returns current local or UTC time with an optional increment.</doc>
<msg timestamp="20221028 01:49:22.992" level="INFO">${currentDate} = 2022-10-28 01:49:22.992</msg>
<status status="PASS" starttime="20221028 01:49:22.992" endtime="20221028 01:49:22.992"/>
</kw>
<kw name="Convert Date" library="DateTime">
<var>${currentDate}</var>
<arg>${currentDate}</arg>
<arg>result_format=%H%M%S</arg>
<doc>Converts between supported `date formats`.</doc>
<msg timestamp="20221028 01:49:22.993" level="INFO">${currentDate} = 014922</msg>
<status status="PASS" starttime="20221028 01:49:22.992" endtime="20221028 01:49:22.993"/>
</kw>
<kw name="Input Text" library="SeleniumLibrary">
<arg>${fieldBusinessEmail}</arg>
<arg>${currentDate}${email}</arg>
<doc>Types the given ``text`` into the text field identified by ``locator``.</doc>
<msg timestamp="20221028 01:49:22.993" level="INFO">Typing text '014922testzano@mailinator.com' into text field 'id=user_email'.</msg>
<status status="PASS" starttime="20221028 01:49:22.993" endtime="20221028 01:49:23.096"/>
</kw>
<status status="PASS" starttime="20221028 01:49:22.925" endtime="20221028 01:49:23.097"/>
</kw>
<kw name="AND user input business phone number" library="RegisterPage">
<arg>${phoneNumber}</arg>
<kw name="Scroll Element Into View" library="SeleniumLibrary">
<arg>${buttonRegister}</arg>
<doc>Scrolls the element identified by ``locator`` into view.</doc>
<status status="PASS" starttime="20221028 01:49:23.097" endtime="20221028 01:49:23.741"/>
</kw>
<kw name="Wait Until Element Is Visible" library="SeleniumLibrary">
<arg>${fieldBusinessPhoneNumber}</arg>
<doc>Waits until the element ``locator`` is visible.</doc>
<status status="PASS" starttime="20221028 01:49:23.741" endtime="20221028 01:49:23.800"/>
</kw>
<kw name="Get Current Date" library="DateTime">
<var>${currentDate}</var>
<doc>Returns current local or UTC time with an optional increment.</doc>
<msg timestamp="20221028 01:49:23.800" level="INFO">${currentDate} = 2022-10-28 01:49:23.800</msg>
<status status="PASS" starttime="20221028 01:49:23.800" endtime="20221028 01:49:23.800"/>
</kw>
<kw name="Convert Date" library="DateTime">
<var>${currentDate}</var>
<arg>${currentDate}</arg>
<arg>result_format=%H%M%S</arg>
<doc>Converts between supported `date formats`.</doc>
<msg timestamp="20221028 01:49:23.800" level="INFO">${currentDate} = 014923</msg>
<status status="PASS" starttime="20221028 01:49:23.800" endtime="20221028 01:49:23.801"/>
</kw>
<kw name="Input Text" library="SeleniumLibrary">
<arg>${fieldBusinessPhoneNumber}</arg>
<arg>${phoneNumber}${currentDate}</arg>
<doc>Types the given ``text`` into the text field identified by ``locator``.</doc>
<msg timestamp="20221028 01:49:23.801" level="INFO">Typing text '81122014923' into text field 'id=user_phone'.</msg>
<status status="PASS" starttime="20221028 01:49:23.801" endtime="20221028 01:49:23.898"/>
</kw>
<status status="PASS" starttime="20221028 01:49:23.097" endtime="20221028 01:49:23.898"/>
</kw>
<kw name="AND user input password register" library="RegisterPage">
<arg>${password}</arg>
<kw name="Wait Until Element Is Visible" library="SeleniumLibrary">
<arg>${fieldPassword}</arg>
<doc>Waits until the element ``locator`` is visible.</doc>
<status status="PASS" starttime="20221028 01:49:23.899" endtime="20221028 01:49:23.911"/>
</kw>
<kw name="Input Text" library="SeleniumLibrary">
<arg>${fieldPassword}</arg>
<arg>${password}</arg>
<doc>Types the given ``text`` into the text field identified by ``locator``.</doc>
<msg timestamp="20221028 01:49:23.911" level="INFO">Typing text 'Za@123456' into text field 'id=user_password'.</msg>
<status status="PASS" starttime="20221028 01:49:23.911" endtime="20221028 01:49:23.995"/>
</kw>
<status status="PASS" starttime="20221028 01:49:23.899" endtime="20221028 01:49:23.995"/>
</kw>
<kw name="AND user input confirm password" library="RegisterPage">
<arg>${confirmPassword}</arg>
<kw name="Wait Until Element Is Visible" library="SeleniumLibrary">
<arg>${fieldConfirmPassword}</arg>
<doc>Waits until the element ``locator`` is visible.</doc>
<status status="PASS" starttime="20221028 01:49:23.995" endtime="20221028 01:49:24.312"/>
</kw>
<kw name="Input Text" library="SeleniumLibrary">
<arg>${fieldConfirmPassword}</arg>
<arg>${confirmPassword}</arg>
<doc>Types the given ``text`` into the text field identified by ``locator``.</doc>
<msg timestamp="20221028 01:49:24.313" level="INFO">Typing text 'Za@123456' into text field 'id=user_password_confirmation'.</msg>
<status status="PASS" starttime="20221028 01:49:24.312" endtime="20221028 01:49:24.641"/>
</kw>
<status status="PASS" starttime="20221028 01:49:23.995" endtime="20221028 01:49:24.641"/>
</kw>
<kw name="AND user click Register button" library="RegisterPage">
<kw name="Wait Until Element Is Visible" library="SeleniumLibrary">
<arg>${buttonRegister}</arg>
<doc>Waits until the element ``locator`` is visible.</doc>
<status status="PASS" starttime="20221028 01:49:24.641" endtime="20221028 01:49:24.650"/>
</kw>
<kw name="Click Element" library="SeleniumLibrary">
<arg>${buttonRegister}</arg>
<doc>Click the element identified by ``locator``.</doc>
<msg timestamp="20221028 01:49:24.651" level="INFO">Clicking element 'id=signup_btn'.</msg>
<status status="PASS" starttime="20221028 01:49:24.651" endtime="20221028 01:49:24.920"/>
</kw>
<status status="PASS" starttime="20221028 01:49:24.641" endtime="20221028 01:49:24.920"/>
</kw>
<kw name="THEN user can see Sign Up Validation" library="RegisterPage">
<arg>${validation}</arg>
<kw name="Run Keyword If" library="BuiltIn">
<arg>'${validation}' == 'Blank Business Name'</arg>
<arg>user can see Business Name Error Message</arg>
<arg>ELSE IF</arg>
<arg>'${validation}' == 'Success Sign Up'</arg>
<arg>user Success Sign Up</arg>
<doc>Runs the given keyword with the given arguments, if ``condition`` is true.</doc>
<kw name="user can see Business Name Error Message" library="RegisterPage">
<kw name="Wait Until Element Is Visible" library="SeleniumLibrary">
<arg>${businessNameBlankMessage}</arg>
<doc>Waits until the element ``locator`` is visible.</doc>
<status status="PASS" starttime="20221028 01:49:24.922" endtime="20221028 01:49:28.076"/>
</kw>
<status status="PASS" starttime="20221028 01:49:24.922" endtime="20221028 01:49:28.076"/>
</kw>
<status status="PASS" starttime="20221028 01:49:24.921" endtime="20221028 01:49:28.076"/>
</kw>
<status status="PASS" starttime="20221028 01:49:24.921" endtime="20221028 01:49:28.076"/>
</kw>
<status status="PASS" starttime="20221028 01:49:10.473" endtime="20221028 01:49:28.076"/>
</kw>
<kw name="Midtrans Sign Up" library="RegisterTest">
<arg>testzano</arg>
<arg>testzano</arg>
<arg>testzano@mailinator.com</arg>
<arg>81122</arg>
<arg>Za@123456</arg>
<arg>Za@123456</arg>
<arg>Success Sign Up</arg>
<kw name="GIVEN user is on Register Page" library="RegisterPage">
<kw name="Maximize Browser Window" library="SeleniumLibrary">
<doc>Maximizes current browser window.</doc>
<status status="PASS" starttime="20221028 01:49:28.077" endtime="20221028 01:49:28.181"/>
</kw>
<kw name="Go To" library="SeleniumLibrary">
<arg>${REGISTERURL}</arg>
<doc>Navigates the current browser window to the provided ``url``.</doc>
<msg timestamp="20221028 01:49:28.181" level="INFO">Opening url 'https://dashboard.midtrans.com/register'</msg>
<status status="PASS" starttime="20221028 01:49:28.181" endtime="20221028 01:49:29.131"/>
</kw>
<kw name="Wait Until Element Is Visible" library="SeleniumLibrary">
<arg>${textRegistration}</arg>
<arg>timeout=30</arg>
<doc>Waits until the element ``locator`` is visible.</doc>
<status status="PASS" starttime="20221028 01:49:29.132" endtime="20221028 01:49:29.700"/>
</kw>
<status status="PASS" starttime="20221028 01:49:28.076" endtime="20221028 01:49:29.700"/>
</kw>
<kw name="WHEN user input bussines name" library="RegisterPage">
<arg>${businessName}</arg>
<kw name="Wait Until Element Is Visible" library="SeleniumLibrary">
<arg>${fieldBusinessName}</arg>
<doc>Waits until the element ``locator`` is visible.</doc>
<status status="PASS" starttime="20221028 01:49:29.700" endtime="20221028 01:49:29.710"/>
</kw>
<kw name="Input Text" library="SeleniumLibrary">
<arg>${fieldBusinessName}</arg>
<arg>${businessName}</arg>
<doc>Types the given ``text`` into the text field identified by ``locator``.</doc>
<msg timestamp="20221028 01:49:29.710" level="INFO">Typing text 'testzano' into text field 'id=user_merchant_name'.</msg>
<status status="PASS" starttime="20221028 01:49:29.710" endtime="20221028 01:49:29.764"/>
</kw>
<status status="PASS" starttime="20221028 01:49:29.700" endtime="20221028 01:49:29.764"/>
</kw>
<kw name="AND user input full name" library="RegisterPage">
<arg>${fullName}</arg>
<kw name="Wait Until Element Is Visible" library="SeleniumLibrary">
<arg>${fieldFullName}</arg>
<doc>Waits until the element ``locator`` is visible.</doc>
<status status="PASS" starttime="20221028 01:49:29.765" endtime="20221028 01:49:29.774"/>
</kw>
<kw name="Input Text" library="SeleniumLibrary">
<arg>${fieldFullName}</arg>
<arg>${fullName}</arg>
<doc>Types the given ``text`` into the text field identified by ``locator``.</doc>
<msg timestamp="20221028 01:49:29.774" level="INFO">Typing text 'testzano' into text field 'id=user_full_name'.</msg>
<status status="PASS" starttime="20221028 01:49:29.774" endtime="20221028 01:49:29.816"/>
</kw>
<status status="PASS" starttime="20221028 01:49:29.764" endtime="20221028 01:49:29.816"/>
</kw>
<kw name="AND user input business email" library="RegisterPage">
<arg>${email}</arg>
<kw name="Wait Until Element Is Visible" library="SeleniumLibrary">
<arg>${fieldBusinessEmail}</arg>
<doc>Waits until the element ``locator`` is visible.</doc>
<status status="PASS" starttime="20221028 01:49:29.817" endtime="20221028 01:49:29.827"/>
</kw>
<kw name="Get Current Date" library="DateTime">
<var>${currentDate}</var>
<doc>Returns current local or UTC time with an optional increment.</doc>
<msg timestamp="20221028 01:49:29.827" level="INFO">${currentDate} = 2022-10-28 01:49:29.827</msg>
<status status="PASS" starttime="20221028 01:49:29.827" endtime="20221028 01:49:29.827"/>
</kw>
<kw name="Convert Date" library="DateTime">
<var>${currentDate}</var>
<arg>${currentDate}</arg>
<arg>result_format=%H%M%S</arg>
<doc>Converts between supported `date formats`.</doc>
<msg timestamp="20221028 01:49:29.827" level="INFO">${currentDate} = 014929</msg>
<status status="PASS" starttime="20221028 01:49:29.827" endtime="20221028 01:49:29.827"/>
</kw>
<kw name="Input Text" library="SeleniumLibrary">
<arg>${fieldBusinessEmail}</arg>
<arg>${currentDate}${email}</arg>
<doc>Types the given ``text`` into the text field identified by ``locator``.</doc>
<msg timestamp="20221028 01:49:29.828" level="INFO">Typing text '014929testzano@mailinator.com' into text field 'id=user_email'.</msg>
<status status="PASS" starttime="20221028 01:49:29.827" endtime="20221028 01:49:29.888"/>
</kw>
<status status="PASS" starttime="20221028 01:49:29.817" endtime="20221028 01:49:29.888"/>
</kw>
<kw name="AND user input business phone number" library="RegisterPage">
<arg>${phoneNumber}</arg>
<kw name="Scroll Element Into View" library="SeleniumLibrary">
<arg>${buttonRegister}</arg>
<doc>Scrolls the element identified by ``locator`` into view.</doc>
<status status="PASS" starttime="20221028 01:49:29.889" endtime="20221028 01:49:30.337"/>
</kw>
<kw name="Wait Until Element Is Visible" library="SeleniumLibrary">
<arg>${fieldBusinessPhoneNumber}</arg>
<doc>Waits until the element ``locator`` is visible.</doc>
<status status="PASS" starttime="20221028 01:49:30.337" endtime="20221028 01:49:30.414"/>
</kw>
<kw name="Get Current Date" library="DateTime">
<var>${currentDate}</var>
<doc>Returns current local or UTC time with an optional increment.</doc>
<msg timestamp="20221028 01:49:30.414" level="INFO">${currentDate} = 2022-10-28 01:49:30.414</msg>
<status status="PASS" starttime="20221028 01:49:30.414" endtime="20221028 01:49:30.414"/>
</kw>
<kw name="Convert Date" library="DateTime">
<var>${currentDate}</var>
<arg>${currentDate}</arg>
<arg>result_format=%H%M%S</arg>
<doc>Converts between supported `date formats`.</doc>
<msg timestamp="20221028 01:49:30.414" level="INFO">${currentDate} = 014930</msg>
<status status="PASS" starttime="20221028 01:49:30.414" endtime="20221028 01:49:30.414"/>
</kw>
<kw name="Input Text" library="SeleniumLibrary">
<arg>${fieldBusinessPhoneNumber}</arg>
<arg>${phoneNumber}${currentDate}</arg>
<doc>Types the given ``text`` into the text field identified by ``locator``.</doc>
<msg timestamp="20221028 01:49:30.414" level="INFO">Typing text '81122014930' into text field 'id=user_phone'.</msg>
<status status="PASS" starttime="20221028 01:49:30.414" endtime="20221028 01:49:30.471"/>
</kw>
<status status="PASS" starttime="20221028 01:49:29.888" endtime="20221028 01:49:30.471"/>
</kw>
<kw name="AND user input password register" library="RegisterPage">
<arg>${password}</arg>
<kw name="Wait Until Element Is Visible" library="SeleniumLibrary">
<arg>${fieldPassword}</arg>
<doc>Waits until the element ``locator`` is visible.</doc>
<status status="PASS" starttime="20221028 01:49:30.471" endtime="20221028 01:49:30.481"/>
</kw>
<kw name="Input Text" library="SeleniumLibrary">
<arg>${fieldPassword}</arg>
<arg>${password}</arg>
<doc>Types the given ``text`` into the text field identified by ``locator``.</doc>
<msg timestamp="20221028 01:49:30.481" level="INFO">Typing text 'Za@123456' into text field 'id=user_password'.</msg>
<status status="PASS" starttime="20221028 01:49:30.481" endtime="20221028 01:49:30.530"/>
</kw>
<status status="PASS" starttime="20221028 01:49:30.471" endtime="20221028 01:49:30.530"/>
</kw>
<kw name="AND user input confirm password" library="RegisterPage">
<arg>${confirmPassword}</arg>
<kw name="Wait Until Element Is Visible" library="SeleniumLibrary">
<arg>${fieldConfirmPassword}</arg>
<doc>Waits until the element ``locator`` is visible.</doc>
<status status="PASS" starttime="20221028 01:49:30.531" endtime="20221028 01:49:30.540"/>
</kw>
<kw name="Input Text" library="SeleniumLibrary">
<arg>${fieldConfirmPassword}</arg>
<arg>${confirmPassword}</arg>
<doc>Types the given ``text`` into the text field identified by ``locator``.</doc>
<msg timestamp="20221028 01:49:30.540" level="INFO">Typing text 'Za@123456' into text field 'id=user_password_confirmation'.</msg>
<status status="PASS" starttime="20221028 01:49:30.540" endtime="20221028 01:49:30.595"/>
</kw>
<status status="PASS" starttime="20221028 01:49:30.531" endtime="20221028 01:49:30.595"/>
</kw>
<kw name="AND user click Register button" library="RegisterPage">
<kw name="Wait Until Element Is Visible" library="SeleniumLibrary">
<arg>${buttonRegister}</arg>
<doc>Waits until the element ``locator`` is visible.</doc>
<status status="PASS" starttime="20221028 01:49:30.595" endtime="20221028 01:49:30.604"/>
</kw>
<kw name="Click Element" library="SeleniumLibrary">
<arg>${buttonRegister}</arg>
<doc>Click the element identified by ``locator``.</doc>
<msg timestamp="20221028 01:49:30.604" level="INFO">Clicking element 'id=signup_btn'.</msg>
<status status="PASS" starttime="20221028 01:49:30.604" endtime="20221028 01:49:30.673"/>
</kw>
<status status="PASS" starttime="20221028 01:49:30.595" endtime="20221028 01:49:30.674"/>
</kw>
<kw name="THEN user can see Sign Up Validation" library="RegisterPage">
<arg>${validation}</arg>
<kw name="Run Keyword If" library="BuiltIn">
<arg>'${validation}' == 'Blank Business Name'</arg>
<arg>user can see Business Name Error Message</arg>
<arg>ELSE IF</arg>
<arg>'${validation}' == 'Success Sign Up'</arg>
<arg>user Success Sign Up</arg>
<doc>Runs the given keyword with the given arguments, if ``condition`` is true.</doc>
<kw name="user Success Sign Up" library="RegisterPage">
<kw name="Wait Until Element Is Visible" library="SeleniumLibrary">
<arg>${notifSuccess}</arg>
<arg>timeout=30</arg>
<doc>Waits until the element ``locator`` is visible.</doc>
<status status="PASS" starttime="20221028 01:49:30.674" endtime="20221028 01:49:32.748"/>
</kw>
<status status="PASS" starttime="20221028 01:49:30.674" endtime="20221028 01:49:32.748"/>
</kw>
<status status="PASS" starttime="20221028 01:49:30.674" endtime="20221028 01:49:32.748"/>
</kw>
<status status="PASS" starttime="20221028 01:49:30.674" endtime="20221028 01:49:32.748"/>
</kw>
<status status="PASS" starttime="20221028 01:49:28.076" endtime="20221028 01:49:32.748"/>
</kw>
<doc>this scenario is for positif and negatif Sign Up</doc>
<tag>function</tag>
<tag>negative</tag>
<tag>positive</tag>
<status status="PASS" starttime="20221028 01:49:10.473" endtime="20221028 01:49:32.748"/>
</test>
<test id="s1-t2" name="Sign In" line="15">
<kw name="Midtrans Sign In" library="RegisterTest">
<arg>zano001@mailinator.com</arg>
<arg>123456</arg>
<arg>Wrong Password</arg>
<kw name="GIVEN user is on Login Page" library="RegisterPage">
<kw name="Maximize Browser Window" library="SeleniumLibrary">
<doc>Maximizes current browser window.</doc>
<status status="PASS" starttime="20221028 01:49:32.749" endtime="20221028 01:49:32.853"/>
</kw>
<kw name="Go To" library="SeleniumLibrary">
<arg>${LOGINURL}</arg>
<doc>Navigates the current browser window to the provided ``url``.</doc>
<msg timestamp="20221028 01:49:32.854" level="INFO">Opening url 'https://dashboard.midtrans.com/login'</msg>
<status status="PASS" starttime="20221028 01:49:32.854" endtime="20221028 01:49:34.029"/>
</kw>
<kw name="Wait Until Element Is Visible" library="SeleniumLibrary">
<arg>${textLogin}</arg>
<arg>timeout=30</arg>
<doc>Waits until the element ``locator`` is visible.</doc>
<status status="PASS" starttime="20221028 01:49:34.029" endtime="20221028 01:49:34.059"/>
</kw>
<status status="PASS" starttime="20221028 01:49:32.749" endtime="20221028 01:49:34.060"/>
</kw>
<kw name="WHEN user input Email Address" library="RegisterPage">
<arg>${email}</arg>
<kw name="Wait Until Element Is Visible" library="SeleniumLibrary">
<arg>${fieldBusinessEmail}</arg>
<doc>Waits until the element ``locator`` is visible.</doc>
<status status="PASS" starttime="20221028 01:49:34.060" endtime="20221028 01:49:34.068"/>
</kw>
<kw name="Input Text" library="SeleniumLibrary">
<arg>${fieldBusinessEmail}</arg>
<arg>${email}</arg>
<doc>Types the given ``text`` into the text field identified by ``locator``.</doc>
<msg timestamp="20221028 01:49:34.069" level="INFO">Typing text 'zano001@mailinator.com' into text field 'id=user_email'.</msg>
<status status="PASS" starttime="20221028 01:49:34.068" endtime="20221028 01:49:34.130"/>
</kw>
<status status="PASS" starttime="20221028 01:49:34.060" endtime="20221028 01:49:34.130"/>
</kw>
<kw name="AND user input Password Login" library="RegisterPage">
<arg>${password}</arg>
<kw name="Wait Until Element Is Visible" library="SeleniumLibrary">
<arg>${fieldPassword}</arg>
<doc>Waits until the element ``locator`` is visible.</doc>
<status status="PASS" starttime="20221028 01:49:34.131" endtime="20221028 01:49:34.140"/>
</kw>
<kw name="Input Text" library="SeleniumLibrary">
<arg>${fieldPassword}</arg>
<arg>${password}</arg>
<doc>Types the given ``text`` into the text field identified by ``locator``.</doc>
<msg timestamp="20221028 01:49:34.140" level="INFO">Typing text '123456' into text field 'id=user_password'.</msg>
<status status="PASS" starttime="20221028 01:49:34.140" endtime="20221028 01:49:34.209"/>
</kw>
<status status="PASS" starttime="20221028 01:49:34.131" endtime="20221028 01:49:34.209"/>
</kw>
<kw name="AND user click Log me in Button" library="RegisterPage">
<kw name="Wait Until Element Is Visible" library="SeleniumLibrary">
<arg>${buttonLogin}</arg>
<doc>Waits until the element ``locator`` is visible.</doc>
<status status="PASS" starttime="20221028 01:49:34.210" endtime="20221028 01:49:34.222"/>
</kw>
<kw name="Click Element" library="SeleniumLibrary">
<arg>${buttonLogin}</arg>
<doc>Click the element identified by ``locator``.</doc>
<msg timestamp="20221028 01:49:34.222" level="INFO">Clicking element 'xpath=//button[contains(text(),'Log me in')]'.</msg>
<status status="PASS" starttime="20221028 01:49:34.222" endtime="20221028 01:49:35.548"/>
</kw>
<status status="PASS" starttime="20221028 01:49:34.209" endtime="20221028 01:49:35.548"/>
</kw>
<kw name="THEN user can see Sign In Validation" library="RegisterPage">
<arg>${validation}</arg>
<kw name="Run Keyword If" library="BuiltIn">
<arg>'${validation}' == 'Wrong Password'</arg>
<arg>user can see Wrong Password Error Message</arg>
<arg>ELSE IF</arg>
<arg>'${validation}' == 'Success Sign In'</arg>
<arg>user Success Sign In</arg>
<doc>Runs the given keyword with the given arguments, if ``condition`` is true.</doc>
<kw name="user can see Wrong Password Error Message" library="RegisterPage">
<kw name="Wait Until Element Is Visible" library="SeleniumLibrary">
<arg>${wrongPasswordMessage}</arg>
<doc>Waits until the element ``locator`` is visible.</doc>
<status status="PASS" starttime="20221028 01:49:35.548" endtime="20221028 01:49:35.563"/>
</kw>
<status status="PASS" starttime="20221028 01:49:35.548" endtime="20221028 01:49:35.563"/>
</kw>
<status status="PASS" starttime="20221028 01:49:35.548" endtime="20221028 01:49:35.563"/>
</kw>
<status status="PASS" starttime="20221028 01:49:35.548" endtime="20221028 01:49:35.563"/>
</kw>
<status status="PASS" starttime="20221028 01:49:32.749" endtime="20221028 01:49:35.563"/>
</kw>
<kw name="Midtrans Sign In" library="RegisterTest">
<arg>zano001@mailinator.com</arg>
<arg>Zano@123456</arg>
<arg>Success Sign In</arg>
<kw name="GIVEN user is on Login Page" library="RegisterPage">
<kw name="Maximize Browser Window" library="SeleniumLibrary">
<doc>Maximizes current browser window.</doc>
<status status="PASS" starttime="20221028 01:49:35.564" endtime="20221028 01:49:35.668"/>
</kw>
<kw name="Go To" library="SeleniumLibrary">
<arg>${LOGINURL}</arg>
<doc>Navigates the current browser window to the provided ``url``.</doc>
<msg timestamp="20221028 01:49:35.668" level="INFO">Opening url 'https://dashboard.midtrans.com/login'</msg>
<status status="PASS" starttime="20221028 01:49:35.668" endtime="20221028 01:49:36.321"/>
</kw>
<kw name="Wait Until Element Is Visible" library="SeleniumLibrary">
<arg>${textLogin}</arg>
<arg>timeout=30</arg>
<doc>Waits until the element ``locator`` is visible.</doc>
<status status="PASS" starttime="20221028 01:49:36.321" endtime="20221028 01:49:36.346"/>
</kw>
<status status="PASS" starttime="20221028 01:49:35.563" endtime="20221028 01:49:36.346"/>
</kw>
<kw name="WHEN user input Email Address" library="RegisterPage">
<arg>${email}</arg>
<kw name="Wait Until Element Is Visible" library="SeleniumLibrary">
<arg>${fieldBusinessEmail}</arg>
<doc>Waits until the element ``locator`` is visible.</doc>
<status status="PASS" starttime="20221028 01:49:36.346" endtime="20221028 01:49:36.355"/>
</kw>
<kw name="Input Text" library="SeleniumLibrary">
<arg>${fieldBusinessEmail}</arg>
<arg>${email}</arg>
<doc>Types the given ``text`` into the text field identified by ``locator``.</doc>
<msg timestamp="20221028 01:49:36.355" level="INFO">Typing text 'zano001@mailinator.com' into text field 'id=user_email'.</msg>
<status status="PASS" starttime="20221028 01:49:36.355" endtime="20221028 01:49:36.414"/>
</kw>
<status status="PASS" starttime="20221028 01:49:36.346" endtime="20221028 01:49:36.415"/>
</kw>
<kw name="AND user input Password Login" library="RegisterPage">
<arg>${password}</arg>
<kw name="Wait Until Element Is Visible" library="SeleniumLibrary">
<arg>${fieldPassword}</arg>
<doc>Waits until the element ``locator`` is visible.</doc>
<status status="PASS" starttime="20221028 01:49:36.415" endtime="20221028 01:49:36.425"/>
</kw>
<kw name="Input Text" library="SeleniumLibrary">
<arg>${fieldPassword}</arg>
<arg>${password}</arg>
<doc>Types the given ``text`` into the text field identified by ``locator``.</doc>
<msg timestamp="20221028 01:49:36.425" level="INFO">Typing text 'Zano@123456' into text field 'id=user_password'.</msg>
<status status="PASS" starttime="20221028 01:49:36.425" endtime="20221028 01:49:36.504"/>
</kw>
<status status="PASS" starttime="20221028 01:49:36.415" endtime="20221028 01:49:36.504"/>
</kw>
<kw name="AND user click Log me in Button" library="RegisterPage">
<kw name="Wait Until Element Is Visible" library="SeleniumLibrary">
<arg>${buttonLogin}</arg>
<doc>Waits until the element ``locator`` is visible.</doc>
<status status="PASS" starttime="20221028 01:49:36.505" endtime="20221028 01:49:36.515"/>
</kw>
<kw name="Click Element" library="SeleniumLibrary">
<arg>${buttonLogin}</arg>
<doc>Click the element identified by ``locator``.</doc>
<msg timestamp="20221028 01:49:36.515" level="INFO">Clicking element 'xpath=//button[contains(text(),'Log me in')]'.</msg>
<status status="PASS" starttime="20221028 01:49:36.515" endtime="20221028 01:49:42.663"/>
</kw>
<status status="PASS" starttime="20221028 01:49:36.504" endtime="20221028 01:49:42.664"/>
</kw>
<kw name="THEN user can see Sign In Validation" library="RegisterPage">
<arg>${validation}</arg>
<kw name="Run Keyword If" library="BuiltIn">
<arg>'${validation}' == 'Wrong Password'</arg>
<arg>user can see Wrong Password Error Message</arg>
<arg>ELSE IF</arg>
<arg>'${validation}' == 'Success Sign In'</arg>
<arg>user Success Sign In</arg>
<doc>Runs the given keyword with the given arguments, if ``condition`` is true.</doc>
<kw name="user Success Sign In" library="RegisterPage">
<kw name="Wait Until Element Is Visible" library="SeleniumLibrary">
<arg>${buttonNext}</arg>
<arg>timeout=30</arg>
<doc>Waits until the element ``locator`` is visible.</doc>
<status status="PASS" starttime="20221028 01:49:42.664" endtime="20221028 01:49:42.680"/>
</kw>
<kw name="Element Should Be Enabled" library="SeleniumLibrary">
<arg>${textCompleteYourRegis}</arg>
<doc>Verifies that element identified by ``locator`` is enabled.</doc>
<status status="PASS" starttime="20221028 01:49:42.680" endtime="20221028 01:49:42.703"/>
</kw>
<kw name="Element Should Be Enabled" library="SeleniumLibrary">
<arg>${textDescCompletion}</arg>
<doc>Verifies that element identified by ``locator`` is enabled.</doc>
<status status="PASS" starttime="20221028 01:49:42.703" endtime="20221028 01:49:42.757"/>
</kw>
<kw name="Element Should Be Enabled" library="SeleniumLibrary">
<arg>${buttonNext}</arg>
<doc>Verifies that element identified by ``locator`` is enabled.</doc>
<status status="PASS" starttime="20221028 01:49:42.757" endtime="20221028 01:49:42.772"/>
</kw>
<kw name="Location Should Be" library="SeleniumLibrary">
<arg>https://dashboard.midtrans.com/</arg>
<doc>Verifies that the current URL is exactly ``url``.</doc>
<msg timestamp="20221028 01:49:42.774" level="INFO">Current location is 'https://dashboard.midtrans.com/'.</msg>
<status status="PASS" starttime="20221028 01:49:42.772" endtime="20221028 01:49:42.774"/>
</kw>
<status status="PASS" starttime="20221028 01:49:42.664" endtime="20221028 01:49:42.775"/>
</kw>
<status status="PASS" starttime="20221028 01:49:42.664" endtime="20221028 01:49:42.775"/>
</kw>
<status status="PASS" starttime="20221028 01:49:42.664" endtime="20221028 01:49:42.775"/>
</kw>
<status status="PASS" starttime="20221028 01:49:35.563" endtime="20221028 01:49:42.775"/>
</kw>
<doc>this scenario is for positif and negatif Sign In</doc>
<tag>function</tag>
<tag>negative</tag>
<tag>positive</tag>
<status status="PASS" starttime="20221028 01:49:32.749" endtime="20221028 01:49:42.775"/>
</test>
<kw name="Close Browser" library="SeleniumLibrary" type="TEARDOWN">
<doc>Closes the current browser.</doc>
<status status="PASS" starttime="20221028 01:49:42.775" endtime="20221028 01:49:42.863"/>
</kw>
<status status="PASS" starttime="20221028 01:49:01.403" endtime="20221028 01:49:42.863"/>
</suite>
<statistics>
<total>
<stat pass="2" fail="0" skip="0">All Tests</stat>
</total>
<tag>
<stat pass="2" fail="0" skip="0">function</stat>
<stat pass="2" fail="0" skip="0">negative</stat>
<stat pass="2" fail="0" skip="0">positive</stat>
</tag>
<suite>
<stat pass="2" fail="0" skip="0" id="s1" name="RegressionSuite">RegressionSuite</stat>
</suite>
</statistics>
<errors>
</errors>
</robot>
